<?xml version="1.0" encoding="UTF-8"?>
<!-- Generated by org.testng.reporters.JUnitReportReporter -->
<testsuite hostname="DESKTOP-D1737HV" failures="0" tests="1" name="com.vtiger.productTest.CreateProductTest" time="23.982" errors="0" timestamp="2022-05-24T09:54:56 IST" skipped="0">
  <testcase classname="com.vtiger.productTest.CreateProductTest" name="createProductTest" time="23.982"/>
  <system-out/>
</testsuite> <!-- com.vtiger.productTest.CreateProductTest -->
