<?xml version="1.0" encoding="UTF-8"?>
<!-- Generated by org.testng.reporters.JUnitReportReporter -->
<testsuite hostname="DESKTOP-D1737HV" failures="0" tests="1" name="com.vtiger.organisationTest.CreateOrganisationTest" time="25.276" errors="0" timestamp="2022-05-24T09:54:56 IST" skipped="0">
  <testcase classname="com.vtiger.organisationTest.CreateOrganisationTest" name="createOrganisationTest" time="25.276"/>
  <system-out/>
</testsuite> <!-- com.vtiger.organisationTest.CreateOrganisationTest -->
