<?xml version="1.0" encoding="UTF-8"?>
<!-- Generated by org.testng.reporters.JUnitReportReporter -->
<testsuite hostname="DESKTOP-D1737HV" failures="0" tests="1" name="com.vtiger.practiceTest.FetchMultipleData" time="0.979" errors="0" timestamp="2022-05-17T17:44:22 IST" skipped="0">
  <testcase classname="com.vtiger.practiceTest.FetchMultipleData" name="loginData" time="0.979"/>
  <system-out/>
</testsuite> <!-- com.vtiger.practiceTest.FetchMultipleData -->
