<?xml version="1.0" encoding="UTF-8"?>
<!-- Generated by org.testng.reporters.JUnitReportReporter -->
<testsuite hostname="DESKTOP-D1737HV" failures="0" tests="2" name="com.vtiger.practiceTest.TestNgPracticeTest" time="0.031" errors="0" timestamp="2022-05-20T10:26:58 IST" skipped="0">
  <testcase classname="com.vtiger.practiceTest.TestNgPracticeTest" name="testMethod1" time="0.015"/>
  <system-out>
    <![CDATA[TestMethod1]]>
  </system-out>
  <testcase classname="com.vtiger.practiceTest.TestNgPracticeTest" name="testMethod2" time="0.016"/>
  <system-out>
    <![CDATA[TestMethod2]]>
  </system-out>
</testsuite> <!-- com.vtiger.practiceTest.TestNgPracticeTest -->
