<?xml version="1.0" encoding="UTF-8"?>
<!-- Generated by org.testng.reporters.JUnitReportReporter -->
<testsuite hostname="DESKTOP-D1737HV" failures="0" tests="5" name="com.vtiger.practiceTest.TestngPractice1Test" time="0.102" errors="0" timestamp="2022-05-20T10:26:58 IST" skipped="0">
  <testcase classname="com.vtiger.practiceTest.TestngPractice1Test" name="testMethod2" time="0.032"/>
  <system-out>
    <![CDATA[TestMethod2]]>
  </system-out>
  <testcase classname="com.vtiger.practiceTest.TestngPractice1Test" name="pratice1Test" time="0.013"/>
  <system-out>
    <![CDATA[TestngPracticeTest-----Test1]]>
  </system-out>
  <testcase classname="com.vtiger.practiceTest.TestngPractice1Test" name="testMethod1" time="0.028"/>
  <system-out>
    <![CDATA[TestMethod1]]>
  </system-out>
  <testcase classname="com.vtiger.practiceTest.TestngPractice1Test" name="practice2Test" time="0.010"/>
  <system-out>
    <![CDATA[TestngPractice1Test------------Test2]]>
  </system-out>
  <testcase classname="com.vtiger.practiceTest.TestngPractice1Test" name="practice3Test" time="0.019"/>
  <system-out>
    <![CDATA[TestngPractice2Test---------------Test3]]>
  </system-out>
</testsuite> <!-- com.vtiger.practiceTest.TestngPractice1Test -->
