<?xml version="1.0" encoding="UTF-8"?>
<!-- Generated by org.testng.reporters.JUnitReportReporter -->
<testsuite hostname="DESKTOP-D1737HV" failures="0" tests="21" name="com.vtiger.practiceTest.TestngPractice2Test" time="0.055" errors="0" timestamp="2022-05-18T14:40:07 IST" skipped="0">
  <testcase classname="com.vtiger.practiceTest.TestngPractice2Test" name="practice2Test" time="0.002"/>
  <system-out>
    <![CDATA[username12       --- - ---password12]]>
  </system-out>
  <testcase classname="com.vtiger.practiceTest.TestngPractice2Test" name="practice2Test" time="0.008"/>
  <system-out>
    <![CDATA[username1       --- - ---password1]]>
  </system-out>
  <testcase classname="com.vtiger.practiceTest.TestngPractice2Test" name="practice2Test" time="0.005"/>
  <system-out>
    <![CDATA[username11       --- - ---password11]]>
  </system-out>
  <testcase classname="com.vtiger.practiceTest.TestngPractice2Test" name="practice2Test" time="0.002"/>
  <system-out>
    <![CDATA[username20       --- - ---password20]]>
  </system-out>
  <testcase classname="com.vtiger.practiceTest.TestngPractice2Test" name="practice2Test" time="0.002"/>
  <system-out>
    <![CDATA[username10       --- - ---password10]]>
  </system-out>
  <testcase classname="com.vtiger.practiceTest.TestngPractice2Test" name="practice2Test" time="0.001"/>
  <system-out>
    <![CDATA[username18       --- - ---password18]]>
  </system-out>
  <testcase classname="com.vtiger.practiceTest.TestngPractice2Test" name="practice2Test" time="0.001"/>
  <system-out>
    <![CDATA[username8       --- - ---password8]]>
  </system-out>
  <testcase classname="com.vtiger.practiceTest.TestngPractice2Test" name="practice2Test" time="0.003"/>
  <system-out>
    <![CDATA[username2       --- - ---password2]]>
  </system-out>
  <testcase classname="com.vtiger.practiceTest.TestngPractice2Test" name="practice2Test" time="0.003"/>
  <system-out>
    <![CDATA[username7       --- - ---password7]]>
  </system-out>
  <testcase classname="com.vtiger.practiceTest.TestngPractice2Test" name="practice2Test" time="0.003"/>
  <system-out>
    <![CDATA[username14       --- - ---password14]]>
  </system-out>
  <testcase classname="com.vtiger.practiceTest.TestngPractice2Test" name="practice2Test" time="0.001"/>
  <system-out>
    <![CDATA[username3       --- - ---password3]]>
  </system-out>
  <testcase classname="com.vtiger.practiceTest.TestngPractice2Test" name="practice2Test" time="0.002"/>
  <system-out>
    <![CDATA[username21       --- - ---password21]]>
  </system-out>
  <testcase classname="com.vtiger.practiceTest.TestngPractice2Test" name="practice2Test" time="0.000"/>
  <system-out>
    <![CDATA[username17       --- - ---password17]]>
  </system-out>
  <testcase classname="com.vtiger.practiceTest.TestngPractice2Test" name="practice2Test" time="0.004"/>
  <system-out>
    <![CDATA[username15       --- - ---password15]]>
  </system-out>
  <testcase classname="com.vtiger.practiceTest.TestngPractice2Test" name="practice2Test" time="0.001"/>
  <system-out>
    <![CDATA[username5       --- - ---password5]]>
  </system-out>
  <testcase classname="com.vtiger.practiceTest.TestngPractice2Test" name="practice2Test" time="0.002"/>
  <system-out>
    <![CDATA[username9       --- - ---password9]]>
  </system-out>
  <testcase classname="com.vtiger.practiceTest.TestngPractice2Test" name="practice2Test" time="0.009"/>
  <system-out>
    <![CDATA[username4       --- - ---password4]]>
  </system-out>
  <testcase classname="com.vtiger.practiceTest.TestngPractice2Test" name="practice2Test" time="0.001"/>
  <system-out>
    <![CDATA[username13       --- - ---password13]]>
  </system-out>
  <testcase classname="com.vtiger.practiceTest.TestngPractice2Test" name="practice2Test" time="0.002"/>
  <system-out>
    <![CDATA[username19       --- - ---password19]]>
  </system-out>
  <testcase classname="com.vtiger.practiceTest.TestngPractice2Test" name="practice2Test" time="0.002"/>
  <system-out>
    <![CDATA[username6       --- - ---password6]]>
  </system-out>
  <testcase classname="com.vtiger.practiceTest.TestngPractice2Test" name="practice2Test" time="0.001"/>
  <system-out>
    <![CDATA[username16       --- - ---password16]]>
  </system-out>
</testsuite> <!-- com.vtiger.practiceTest.TestngPractice2Test -->
