<?xml version="1.0" encoding="UTF-8"?>
<!-- Generated by org.testng.reporters.JUnitReportReporter -->
<testsuite hostname="DESKTOP-D1737HV" failures="0" tests="1" name="com.vtiger.contactsTest.CreateContactWithOrganistionTest" time="35.842" errors="0" timestamp="2022-05-24T09:54:56 IST" skipped="0">
  <testcase classname="com.vtiger.contactsTest.CreateContactWithOrganistionTest" name="createContactWithOrganisatinTest" time="35.842"/>
  <system-out/>
</testsuite> <!-- com.vtiger.contactsTest.CreateContactWithOrganistionTest -->
