<?xml version="1.0" encoding="UTF-8"?>
<!-- Generated by org.testng.reporters.JUnitReportReporter -->
<testsuite skipped="0" hostname="DESKTOP-D1737HV" name="com.vtiger.contactsTest.CreateContactWithOrganistionTest" tests="1" failures="0" timestamp="26 May 2022 11:47:58 GMT" time="37.155" errors="0">
  <testcase name="createContactWithOrganisatinTest" time="37.155" classname="com.vtiger.contactsTest.CreateContactWithOrganistionTest"/>
</testsuite> <!-- com.vtiger.contactsTest.CreateContactWithOrganistionTest -->
