<?xml version="1.0" encoding="UTF-8"?>
<!-- Generated by org.testng.reporters.JUnitReportReporter -->
<testsuite skipped="0" hostname="DESKTOP-D1737HV" name="com.vtiger.practiceTest.TestngPractice3Test" tests="21" failures="0" timestamp="26 May 2022 11:47:58 GMT" time="0.040" errors="0">
  <testcase name="practice2Test" time="0.002" classname="com.vtiger.practiceTest.TestngPractice3Test"/>
  <testcase name="practice2Test" time="0.002" classname="com.vtiger.practiceTest.TestngPractice3Test"/>
  <testcase name="practice2Test" time="0.002" classname="com.vtiger.practiceTest.TestngPractice3Test"/>
  <testcase name="practice2Test" time="0.001" classname="com.vtiger.practiceTest.TestngPractice3Test"/>
  <testcase name="practice2Test" time="0.001" classname="com.vtiger.practiceTest.TestngPractice3Test"/>
  <testcase name="practice2Test" time="0.002" classname="com.vtiger.practiceTest.TestngPractice3Test"/>
  <testcase name="practice2Test" time="0.002" classname="com.vtiger.practiceTest.TestngPractice3Test"/>
  <testcase name="practice2Test" time="0.001" classname="com.vtiger.practiceTest.TestngPractice3Test"/>
  <testcase name="practice2Test" time="0.002" classname="com.vtiger.practiceTest.TestngPractice3Test"/>
  <testcase name="practice2Test" time="0.003" classname="com.vtiger.practiceTest.TestngPractice3Test"/>
  <testcase name="practice2Test" time="0.002" classname="com.vtiger.practiceTest.TestngPractice3Test"/>
  <testcase name="practice2Test" time="0.002" classname="com.vtiger.practiceTest.TestngPractice3Test"/>
  <testcase name="practice2Test" time="0.003" classname="com.vtiger.practiceTest.TestngPractice3Test"/>
  <testcase name="practice2Test" time="0.003" classname="com.vtiger.practiceTest.TestngPractice3Test"/>
  <testcase name="practice2Test" time="0.001" classname="com.vtiger.practiceTest.TestngPractice3Test"/>
  <testcase name="practice2Test" time="0.002" classname="com.vtiger.practiceTest.TestngPractice3Test"/>
  <testcase name="practice2Test" time="0.002" classname="com.vtiger.practiceTest.TestngPractice3Test"/>
  <testcase name="practice2Test" time="0.002" classname="com.vtiger.practiceTest.TestngPractice3Test"/>
  <testcase name="practice2Test" time="0.002" classname="com.vtiger.practiceTest.TestngPractice3Test"/>
  <testcase name="practice2Test" time="0.002" classname="com.vtiger.practiceTest.TestngPractice3Test"/>
  <testcase name="practice2Test" time="0.001" classname="com.vtiger.practiceTest.TestngPractice3Test"/>
</testsuite> <!-- com.vtiger.practiceTest.TestngPractice3Test -->
