<?xml version="1.0" encoding="UTF-8"?>
<!-- Generated by org.testng.reporters.JUnitReportReporter -->
<testsuite skipped="0" hostname="DESKTOP-D1737HV" name="com.vtiger.practiceTest.TestNgPracticeTest" tests="2" failures="0" timestamp="26 May 2022 11:47:58 GMT" time="0.007" errors="0">
  <testcase name="testMethod1" time="0.004" classname="com.vtiger.practiceTest.TestNgPracticeTest"/>
  <testcase name="testMethod2" time="0.003" classname="com.vtiger.practiceTest.TestNgPracticeTest"/>
</testsuite> <!-- com.vtiger.practiceTest.TestNgPracticeTest -->
