<?xml version="1.0" encoding="UTF-8"?>
<!-- Generated by org.testng.reporters.JUnitReportReporter -->
<testsuite skipped="0" hostname="DESKTOP-D1737HV" name="com.vtiger.campaignTest.CreateCampaignTest" tests="1" failures="0" timestamp="26 May 2022 11:47:58 GMT" time="16.795" errors="0">
  <testcase name="createCampaignTest" time="16.795" classname="com.vtiger.campaignTest.CreateCampaignTest"/>
</testsuite> <!-- com.vtiger.campaignTest.CreateCampaignTest -->
