<?xml version="1.0" encoding="UTF-8"?>
<!-- Generated by org.testng.reporters.JUnitReportReporter -->
<testsuite skipped="0" hostname="DESKTOP-D1737HV" name="com.vtiger.productTest.CreateProductTest" tests="1" failures="0" timestamp="26 May 2022 11:47:58 GMT" time="19.123" errors="0">
  <testcase name="createProductTest" time="19.123" classname="com.vtiger.productTest.CreateProductTest"/>
</testsuite> <!-- com.vtiger.productTest.CreateProductTest -->
