<?xml version="1.0" encoding="UTF-8"?>
<!-- Generated by org.testng.reporters.JUnitReportReporter -->
<testsuite skipped="0" hostname="DESKTOP-D1737HV" name="com.vtiger.contactsTest.CreateContactsTest" tests="1" failures="0" timestamp="27 May 2022 04:48:36 GMT" time="19.978" errors="0">
  <testcase name="createContactsTest" time="19.978" classname="com.vtiger.contactsTest.CreateContactsTest"/>
</testsuite> <!-- com.vtiger.contactsTest.CreateContactsTest -->
