<?xml version="1.0" encoding="UTF-8"?>
<!-- Generated by org.testng.reporters.JUnitReportReporter -->
<testsuite skipped="0" hostname="DESKTOP-D1737HV" name="com.vtiger.practiceTest.TestngPractice2Test" tests="5" failures="0" timestamp="26 May 2022 11:47:58 GMT" time="0.017" errors="0">
  <testcase name="practice2Test" time="0.007" classname="com.vtiger.practiceTest.TestngPractice2Test"/>
  <testcase name="practice2Test" time="0.003" classname="com.vtiger.practiceTest.TestngPractice2Test"/>
  <testcase name="practice2Test" time="0.001" classname="com.vtiger.practiceTest.TestngPractice2Test"/>
  <testcase name="practice2Test" time="0.003" classname="com.vtiger.practiceTest.TestngPractice2Test"/>
  <testcase name="practice2Test" time="0.003" classname="com.vtiger.practiceTest.TestngPractice2Test"/>
</testsuite> <!-- com.vtiger.practiceTest.TestngPractice2Test -->
