<?xml version="1.0" encoding="UTF-8"?>
<!-- Generated by org.testng.reporters.JUnitReportReporter -->
<testsuite skipped="0" hostname="DESKTOP-D1737HV" name="com.vtiger.practiceTest.TestngPractice1Test" tests="5" failures="0" timestamp="26 May 2022 11:47:58 GMT" time="0.020" errors="0">
  <testcase name="pratice1Test" time="0.004" classname="com.vtiger.practiceTest.TestngPractice1Test"/>
  <testcase name="practice2Test" time="0.004" classname="com.vtiger.practiceTest.TestngPractice1Test"/>
  <testcase name="testMethod2" time="0.005" classname="com.vtiger.practiceTest.TestngPractice1Test"/>
  <testcase name="practice3Test" time="0.002" classname="com.vtiger.practiceTest.TestngPractice1Test"/>
  <testcase name="testMethod1" time="0.005" classname="com.vtiger.practiceTest.TestngPractice1Test"/>
</testsuite> <!-- com.vtiger.practiceTest.TestngPractice1Test -->
