<?xml version="1.0" encoding="UTF-8"?>
<!-- Generated by org.testng.reporters.JUnitReportReporter -->
<testsuite skipped="0" hostname="DESKTOP-D1737HV" name="com.vtiger.practiceTest.TestngAssertTest" tests="2" failures="0" timestamp="26 May 2022 11:47:58 GMT" time="0.005" errors="0">
  <testcase name="practice2Test" time="0.003" classname="com.vtiger.practiceTest.TestngAssertTest"/>
  <testcase name="practice1Test" time="0.002" classname="com.vtiger.practiceTest.TestngAssertTest"/>
</testsuite> <!-- com.vtiger.practiceTest.TestngAssertTest -->
