<?xml version="1.0" encoding="UTF-8"?>
<!-- Generated by org.testng.reporters.JUnitReportReporter -->
<testsuite skipped="0" hostname="DESKTOP-D1737HV" name="com.vtiger.organisationTest.CreateOrganisationWithIndustryNameTest" tests="1" failures="0" timestamp="26 May 2022 11:47:58 GMT" time="21.830" errors="0">
  <testcase name="createOrganisationWithIndustryNameTest" time="21.830" classname="com.vtiger.organisationTest.CreateOrganisationWithIndustryNameTest"/>
</testsuite> <!-- com.vtiger.organisationTest.CreateOrganisationWithIndustryNameTest -->
