<?xml version="1.0" encoding="UTF-8"?>
<!-- Generated by org.testng.reporters.JUnitReportReporter -->
<testsuite skipped="0" hostname="DESKTOP-D1737HV" name="com.vtiger.organisationTest.CreateOrganisationTest" tests="1" failures="0" timestamp="26 May 2022 11:47:58 GMT" time="22.540" errors="0">
  <testcase name="createOrganisationTest" time="22.540" classname="com.vtiger.organisationTest.CreateOrganisationTest"/>
</testsuite> <!-- com.vtiger.organisationTest.CreateOrganisationTest -->
